-------------------------------------------------------------------------------
Test set: ec.edu.espe.Unit.Test.CartTest
-------------------------------------------------------------------------------
Tests run: 1, Failures: 1, Errors: 0, Skipped: 0, Time elapsed: 0.04 s <<< FAILURE! - in ec.edu.espe.Unit.Test.CartTest
testCart  Time elapsed: 0.028 s  <<< FAILURE!
org.opentest4j.AssertionFailedError: expected: <51.0> but was: <50.9>
	at ec.edu.espe.Unit.Test.CartTest.testCart(CartTest.java:48)

