-------------------------------------------------------------------------------
Test set: ec.edu.espe.Unit.Test.discountTest
-------------------------------------------------------------------------------
Tests run: 1, Failures: 1, Errors: 0, Skipped: 0, Time elapsed: 0.017 sec <<< FAILURE!
ec.edu.espe.Unit.Test.discountTest.testCalcularPorcentajeDescuento()  Time elapsed: 0.016 sec  <<< FAILURE!
org.opentest4j.AssertionFailedError: expected: <100.0> but was: <75.0>
	at org.junit.jupiter.api.AssertionUtils.fail(AssertionUtils.java:55)
	at org.junit.jupiter.api.AssertionUtils.failNotEqual(AssertionUtils.java:62)
	at org.junit.jupiter.api.AssertEquals.assertEquals(AssertEquals.java:102)
	at org.junit.jupiter.api.AssertEquals.assertEquals(AssertEquals.java:97)
	at org.junit.jupiter.api.Assertions.assertEquals(Assertions.java:714)
	at ec.edu.espe.Unit.Test.discountTest.testCalcularPorcentajeDescuento(discountTest.java:49)

