-------------------------------------------------------------------------------
Test set: ec.edu.espe.Unit.Test.discountTest
-------------------------------------------------------------------------------
Tests run: 1, Failures: 1, Errors: 0, Skipped: 0, Time elapsed: 0.043 s <<< FAILURE! - in ec.edu.espe.Unit.Test.discountTest
testCalcularPorcentajeDescuento  Time elapsed: 0.025 s  <<< FAILURE!
org.opentest4j.AssertionFailedError: expected: <100.0> but was: <75.0>
	at ec.edu.espe.Unit.Test.discountTest.testCalcularPorcentajeDescuento(discountTest.java:49)

