<?xml version="1.0" encoding="UTF-8" ?>
<testsuite tests="1" failures="1" name="ec.edu.espe.Unit.Test.CartTest" time="0.014" errors="0" skipped="0">
  <properties>
[...]
</properties>
  <testcase classname="ec.edu.espe.Unit.Test.CartTest" name="ec.edu.espe.Unit.Test.CartTest.testCart" time="0.014">
    <failure message="expected: &lt;51.0&gt; but was: &lt;50.9&gt;" type="org.opentest4j.AssertionFailedError">org.opentest4j.AssertionFailedError: expected: &lt;51.0&gt; but was: &lt;50.9&gt;
	at org.junit.jupiter.api.AssertionUtils.fail(AssertionUtils.java:55)
	at org.junit.jupiter.api.AssertionUtils.failNotEqual(AssertionUtils.java:62)
	at org.junit.jupiter.api.AssertEquals.assertEquals(AssertEquals.java:102)
	at org.junit.jupiter.api.AssertEquals.assertEquals(AssertEquals.java:97)
	at org.junit.jupiter.api.Assertions.assertEquals(Assertions.java:714)
	at ec.edu.espe.Unit.Test.CartTest.testCart(CartTest.java:48)
</failure>
    <system-out>Cart
</system-out>
  </testcase>
</testsuite>